# JRE version: Java(TM) SE Runtime Environment (7.0_80-b15) (build 1.7.0_80-b15)
# Java VM: Java HotSpot(TM) 64-Bit Server VM (24.80-b11 mixed mode windows-amd64 compressed oops)
Heap
 PSYoungGen      total 152064K, used 138090K [0x0000000756a80000, 0x0000000769380000, 0x0000000800000000)
  eden space 130560K, 91% used [0x0000000756a80000,0x000000075df77088,0x000000075ea00000)
  from space 21504K, 85% used [0x000000075ff00000,0x00000007610e3a40,0x0000000761400000)
  to   space 21504K, 0% used [0x000000075ea00000,0x000000075ea00000,0x000000075ff00000)
 ParOldGen       total 346624K, used 80K [0x0000000604000000, 0x0000000619280000, 0x0000000756a80000)
  object space 346624K, 0% used [0x0000000604000000,0x0000000604014010,0x0000000619280000)
 PSPermGen       total 29696K, used 29379K [0x00000005fee00000, 0x0000000600b00000, 0x0000000604000000)
  object space 29696K, 98% used [0x00000005fee00000,0x0000000600ab0cd8,0x0000000600b00000)
GC Heap History (4 events):
Event: 1.661 GC heap before
{Heap before GC invocations=1 (full 0):
 PSYoungGen      total 152064K, used 130560K [0x0000000756a80000, 0x0000000761400000, 0x0000000800000000)
  eden space 130560K, 100% used [0x0000000756a80000,0x000000075ea00000,0x000000075ea00000)
  from space 21504K, 0% used [0x000000075ff00000,0x000000075ff00000,0x0000000761400000)
  to   space 21504K, 0% used [0x000000075ea00000,0x000000075ea00000,0x000000075ff00000)
 ParOldGen       total 346624K, used 0K [0x0000000604000000, 0x0000000619280000, 0x0000000756a80000)
  object space 346624K, 0% used [0x0000000604000000,0x0000000604000000,0x0000000619280000)
 PSPermGen       total 21504K, used 18431K [0x00000005fee00000, 0x0000000600300000, 0x0000000604000000)
  object space 21504K, 85% used [0x00000005fee00000,0x00000005ffffff10,0x0000000600300000)
Event: 1.676 GC heap after
Heap after GC invocations=1 (full 0):
 PSYoungGen      total 152064K, used 13407K [0x0000000756a80000, 0x0000000761400000, 0x0000000800000000)
  eden space 130560K, 0% used [0x0000000756a80000,0x0000000756a80000,0x000000075ea00000)
  from space 21504K, 62% used [0x000000075ea00000,0x000000075f717ff0,0x000000075ff00000)
  to   space 21504K, 0% used [0x000000075ff00000,0x000000075ff00000,0x0000000761400000)
 ParOldGen       total 346624K, used 72K [0x0000000604000000, 0x0000000619280000, 0x0000000756a80000)
  object space 346624K, 0% used [0x0000000604000000,0x0000000604012010,0x0000000619280000)
 PSPermGen       total 21504K, used 18431K [0x00000005fee00000, 0x0000000600300000, 0x0000000604000000)
  object space 21504K, 85% used [0x00000005fee00000,0x00000005ffffff10,0x0000000600300000)
}
Event: 2.592 GC heap before
{Heap before GC invocations=2 (full 0):
 PSYoungGen      total 152064K, used 143967K [0x0000000756a80000, 0x0000000761400000, 0x0000000800000000)
  eden space 130560K, 100% used [0x0000000756a80000,0x000000075ea00000,0x000000075ea00000)
  from space 21504K, 62% used [0x000000075ea00000,0x000000075f717ff0,0x000000075ff00000)
  to   space 21504K, 0% used [0x000000075ff00000,0x000000075ff00000,0x0000000761400000)
 ParOldGen       total 346624K, used 72K [0x0000000604000000, 0x0000000619280000, 0x0000000756a80000)
  object space 346624K, 0% used [0x0000000604000000,0x0000000604012010,0x0000000619280000)
 PSPermGen       total 26112K, used 26095K [0x00000005fee00000, 0x0000000600780000, 0x0000000604000000)
  object space 26112K, 99% used [0x00000005fee00000,0x000000060077bec8,0x0000000600780000)
Event: 2.633 GC heap after
Heap after GC invocations=2 (full 0):
 PSYoungGen      total 152064K, used 18318K [0x0000000756a80000, 0x0000000769380000, 0x0000000800000000)
  eden space 130560K, 0% used [0x0000000756a80000,0x0000000756a80000,0x000000075ea00000)
  from space 21504K, 85% used [0x000000075ff00000,0x00000007610e3a40,0x0000000761400000)
  to   space 21504K, 0% used [0x000000075ea00000,0x000000075ea00000,0x000000075ff00000)
 ParOldGen       total 346624K, used 80K [0x0000000604000000, 0x0000000619280000, 0x0000000756a80000)
  object space 346624K, 0% used [0x0000000604000000,0x0000000604014010,0x0000000619280000)
 PSPermGen       total 26112K, used 26095K [0x00000005fee00000, 0x0000000600780000, 0x0000000604000000)
  object space 26112K, 99% used [0x00000005fee00000,0x000000060077bec8,0x0000000600780000)
}

